# Design: Design mux already active.
# DESIGN: Default Design Language: VHDL
# DESIGN: Default BDE Language: VHDL
# DESIGN: Flow Manager: Not Defined
acom -reorder -work mux -2002  $DSN/src/mux1.vhd
# Compile with File Reorder...
# File: d:\University\Katya\university\6 semestr\“ œ\activeHDL\muxVHDL\mux\src\mux1.vhd
# Compile Entity "mux"
# Compile Architecture "mux_impl" of Entity "mux"
# Error: COMP96_0019: mux1.vhd : (39, 14): Keyword "others" expected.
# Error: COMP96_0019: mux1.vhd : (40, 14): Keyword "others" expected.
# Error: COMP96_0019: mux1.vhd : (41, 14): Keyword "others" expected.
# Compile failure 3 Errors 0 Warnings  Analysis time :  47.0 [ms]
acom -work mux -2002  $DSN/src/mux1.vhd
# Compile...
# File: d:\University\Katya\university\6 semestr\“ œ\activeHDL\muxVHDL\mux\src\mux1.vhd
# Compile Entity "mux"
# Compile Architecture "mux_impl" of Entity "mux"
# Compile success 0 Errors 0 Warnings  Analysis time :  0.5 [s]
acom -work mux -2002  $DSN/src/mux2.bde
# Compile...
# DRC: Checking file 'd:\University\Katya\university\6 semestr\“ œ\activeHDL\muxVHDL\mux\src\mux2.bde'.
# DRC: mux2.bde - 0 error(s), 0 warning(s)
# DRC: DRC process completed in 1 second(s).
# DRC: The results have been written to the log file. Double click on this line to view the log.
# Generating d:\University\Katya\university\6 semestr\“ œ\activeHDL\muxVHDL\mux\compile\mux2.vhd from d:\University\Katya\university\6 semestr\“ œ\activeHDL\muxVHDL\mux\src\mux2.bde ...
# Generation successful
# File: .\mux2.vhd
# Compile Entity "mux2"
# Compile Architecture "mux2" of Entity "mux2"
# Compile success 0 Errors 0 Warnings  Analysis time :  15.0 [ms]
# Design: Design mux already active.
# ELBREAD: Elaboration process.
# ELBREAD: Elaboration time 0.0 [s].
asim -advdataflow  mux2 mux2
# ELBREAD: Elaboration process.
# ELBREAD: Elaboration time 0.0 [s].
# asim: Stack memory: 32MB
# asim: Retval memory: 32MB
# KERNEL: Main thread initiated.
# KERNEL: Kernel process initialization phase.
# KERNEL: Time resolution set to 1ps.
# ELAB2: Elaboration final pass...
# ELAB2: Create instances ...
# ELAB2: Create instances complete.
# ELAB2: Elaboration final pass complete - time: 0.1 [s].
# KERNEL: Kernel process initialization done.
# Allocation: Simulator allocated 1616 kB (elbread=1023 elab2=322 kernel=270 sdf=0)
#  10:50, 1 Ï‡Ú‡ 2017 „.
#  Simulation has been initialized
#  Selected Top-Level: mux2 (mux2)
run 100 ns
# KERNEL: stopped at time: 100 ns
restart
# ELBREAD: Elaboration process.
# ELBREAD: Elaboration time 0.0 [s].
# KERNEL: Main thread initiated.
# KERNEL: Kernel process initialization phase.
# KERNEL: Time resolution set to 1ps.
# ELAB2: Elaboration final pass...
# ELAB2: Create instances ...
# ELAB2: Create instances complete.
# ELAB2: Elaboration final pass complete - time: 0.0 [s].
# KERNEL: Kernel process initialization done.
# Allocation: Simulator allocated 1616 kB (elbread=1023 elab2=322 kernel=270 sdf=0)
#  10:50, 1 Ï‡Ú‡ 2017 „.
#  Simulation has been initialized
#  Selected Top-Level: mux2 (mux2)
run 100 ns
# KERNEL: stopped at time: 100 ns
restart
# ELBREAD: Elaboration process.
# ELBREAD: Elaboration time 0.0 [s].
# KERNEL: Main thread initiated.
# KERNEL: Kernel process initialization phase.
# KERNEL: Time resolution set to 1ps.
# ELAB2: Elaboration final pass...
# ELAB2: Create instances ...
# ELAB2: Create instances complete.
# ELAB2: Elaboration final pass complete - time: 0.0 [s].
# KERNEL: Kernel process initialization done.
# Allocation: Simulator allocated 1616 kB (elbread=1023 elab2=322 kernel=270 sdf=0)
#  10:51, 1 Ï‡Ú‡ 2017 „.
#  Simulation has been initialized
#  Selected Top-Level: mux2 (mux2)
run 100 ns
# KERNEL: stopped at time: 100 ns
run 100 ns
# KERNEL: stopped at time: 200 ns
restart
# ELBREAD: Elaboration process.
# ELBREAD: Elaboration time 0.0 [s].
# KERNEL: Main thread initiated.
# KERNEL: Kernel process initialization phase.
# KERNEL: Time resolution set to 1ps.
# ELAB2: Elaboration final pass...
# ELAB2: Create instances ...
# ELAB2: Create instances complete.
# ELAB2: Elaboration final pass complete - time: 0.0 [s].
# KERNEL: Kernel process initialization done.
# Allocation: Simulator allocated 1616 kB (elbread=1023 elab2=322 kernel=270 sdf=0)
#  10:52, 1 Ï‡Ú‡ 2017 „.
#  Simulation has been initialized
#  Selected Top-Level: mux2 (mux2)
run 100 ns
# KERNEL: stopped at time: 100 ns
run 100 ns
# KERNEL: stopped at time: 200 ns
restart
# ELBREAD: Elaboration process.
# ELBREAD: Elaboration time 0.0 [s].
# KERNEL: Main thread initiated.
# KERNEL: Kernel process initialization phase.
# KERNEL: Time resolution set to 1ps.
# ELAB2: Elaboration final pass...
# ELAB2: Create instances ...
# ELAB2: Create instances complete.
# ELAB2: Elaboration final pass complete - time: 0.0 [s].
# KERNEL: Kernel process initialization done.
# Allocation: Simulator allocated 1616 kB (elbread=1023 elab2=322 kernel=270 sdf=0)
#  10:52, 1 Ï‡Ú‡ 2017 „.
#  Simulation has been initialized
#  Selected Top-Level: mux2 (mux2)
run 200 ns
# KERNEL: stopped at time: 200 ns
acom -work mux -2002  $DSN/src/mux1.vhd
# Compile...
# File: d:\University\Katya\university\6 semestr\“ œ\activeHDL\muxVHDL\mux\src\mux1.vhd
# Compile Entity "mux"
# Compile Architecture "mux_impl" of Entity "mux"
# Error: COMP96_0029: mux1.vhd : (39, 33): Expression expected.
# Error: COMP96_0029: mux1.vhd : (40, 33): Expression expected.
# Error: COMP96_0029: mux1.vhd : (41, 33): Expression expected.
# Error: COMP96_0029: mux1.vhd : (42, 35): Expression expected.
# Compile failure 4 Errors 0 Warnings  Analysis time :  15.0 [ms]
acom -work mux -2002  $DSN/src/mux1.vhd
# Compile...
# File: d:\University\Katya\university\6 semestr\“ œ\activeHDL\muxVHDL\mux\src\mux1.vhd
# Compile Entity "mux"
# Compile Architecture "mux_impl" of Entity "mux"
# Compile success 0 Errors 0 Warnings  Analysis time :  0.1 [s]
acom -work mux -2002  $DSN/src/mux1.vhd
# Compile...
# File: d:\University\Katya\university\6 semestr\“ œ\activeHDL\muxVHDL\mux\src\mux1.vhd
# Compile Entity "mux"
# Compile Architecture "mux_impl" of Entity "mux"
# Compile success 0 Errors 0 Warnings  Analysis time :  94.0 [ms]
acom -work mux -2002  $DSN/src/mux1.vhd
# Compile...
# File: d:\University\Katya\university\6 semestr\“ œ\activeHDL\muxVHDL\mux\src\mux1.vhd
# Compile Entity "mux"
# Compile Architecture "mux_impl" of Entity "mux"
# Compile success 0 Errors 0 Warnings  Analysis time :  0.1 [s]
acom -work mux -2002  $DSN/src/mux2.bde
# Compile...
# DRC: Checking file 'd:\University\Katya\university\6 semestr\“ œ\activeHDL\muxVHDL\mux\src\mux2.bde'.
# DRC: mux2.bde - 0 error(s), 0 warning(s)
# DRC: DRC process completed in 1 second(s).
# DRC: The results have been written to the log file. Double click on this line to view the log.
# Generating d:\University\Katya\university\6 semestr\“ œ\activeHDL\muxVHDL\mux\compile\mux2.vhd from d:\University\Katya\university\6 semestr\“ œ\activeHDL\muxVHDL\mux\src\mux2.bde ...
# Generation successful
# File: .\mux2.vhd
# Compile Entity "mux2"
# Compile Architecture "mux2" of Entity "mux2"
# Compile success 0 Errors 0 Warnings  Analysis time :  16.0 [ms]
restart
# ELBREAD: Elaboration process.
# ELBREAD: Elaboration time 0.0 [s].
# KERNEL: Main thread initiated.
# KERNEL: Kernel process initialization phase.
# KERNEL: Time resolution set to 1ps.
# ELAB2: Elaboration final pass...
# ELAB2: Create instances ...
# ELAB2: Create instances complete.
# ELAB2: Elaboration final pass complete - time: 0.0 [s].
# KERNEL: Kernel process initialization done.
# Allocation: Simulator allocated 1617 kB (elbread=1023 elab2=323 kernel=270 sdf=0)
#  11:03, 1 Ï‡Ú‡ 2017 „.
#  Simulation has been initialized
#  Selected Top-Level: mux2 (mux2)
run 200 ns
# KERNEL: stopped at time: 200 ns
#  Simulation has been stopped
