# ELBREAD: Elaboration process.
# ELBREAD: Elaboration time 0.0 [s].
alog -sve  -work multi $DSN/src/mux.v $DSN/src/muxx.bde
# Compile...
# DRC: Checking file 'd:\University\Katya\university\6 semestr\“ œ\activeHDL\multiplex\multi\src\muxx.bde'.
# DRC: muxx.bde - 0 error(s), 0 warning(s)
# DRC: DRC process completed in 1 second(s).
# DRC: The results have been written to the log file. Double click on this line to view the log.
# Generating d:\University\Katya\university\6 semestr\“ œ\activeHDL\multiplex\multi\compile\muxx.v from d:\University\Katya\university\6 semestr\“ œ\activeHDL\multiplex\multi\src\muxx.bde ...
# Generation successful
# Pass 1. Scanning modules hierarchy.
# Module \$root found in current working library.
# Pass 2. Processing instantiations.
# Pass 3. Processing behavioral statements.
# ELB/DAG code generating.
# Module \$root found in current working library.
# Unit top modules: MUXX.
# $root top modules: MUXX.
# Compile success 0 Errors 0 Warnings  Analysis time: 0[s].
# done
asim -advdataflow  MUXX
# ELBREAD: Elaboration process.
# ELBREAD: Elaboration time 0.0 [s].
# asim: Stack memory: 32MB
# asim: Retval memory: 32MB
# KERNEL: Main thread initiated.
# KERNEL: Kernel process initialization phase.
# KERNEL: Time resolution set to 1ps.
# ELAB2: Elaboration final pass...
# ELAB2: Create instances ...
# ELAB2: Create instances complete.
# ELAB2: Elaboration final pass complete - time: 0.1 [s].
# KERNEL: Kernel process initialization done.
# Allocation: Simulator allocated 1592 kB (elbread=1023 elab2=299 kernel=269 sdf=0)
#  10:44, 1 Ï‡Ú‡ 2017 „.
#  Simulation has been initialized
#  Selected Top-Level: MUXX (MUXX)
run 200 ns
# KERNEL: stopped at time: 200 ns
run 200 ns
# KERNEL: stopped at time: 400 ns
run 200 ns
# KERNEL: stopped at time: 600 ns
#  Simulation has been stopped
