# ELBREAD: Elaboration process.
# ELBREAD: Elaboration time 0.0 [s].
alog -sve  -work mydesign $DSN/src/function1.v $DSN/src/test.bde $DSN/src/func12.v
# Compile...
# DRC: Checking file 'd:\University\Katya\university\6 semestr\ТКП\activeHDL\lab1\mydesign\src\test.bde'.
# DRC: test.bde - 0 error(s), 0 warning(s)
# DRC: DRC process completed in 1 second(s).
# DRC: The results have been written to the log file. Double click on this line to view the log.
# Generating d:\University\Katya\university\6 semestr\ТКП\activeHDL\lab1\mydesign\compile\test.v from d:\University\Katya\university\6 semestr\ТКП\activeHDL\lab1\mydesign\src\test.bde ...
# Generation successful
# Pass 1. Scanning modules hierarchy.
# Module \$root found in current working library.
# Pass 2. Processing instantiations.
# Pass 3. Processing behavioral statements.
# ELB/DAG code generating.
# Module \$root found in current working library.
# Unit top modules: function1 test.
# $root top modules: test \\function_1_and_2 \\function1and2 function1.
# Compile success 0 Errors 0 Warnings  Analysis time: 1[s].
# done
asim -advdataflow  test
# ELBREAD: Elaboration process.
# ELBREAD: Elaboration time 0.0 [s].
# asim: Stack memory: 32MB
# asim: Retval memory: 32MB
# KERNEL: Main thread initiated.
# KERNEL: Kernel process initialization phase.
# KERNEL: Time resolution set to 1ps.
# ELAB2: Elaboration final pass...
# ELAB2: Create instances ...
# ELAB2: Create instances complete.
# ELAB2: Elaboration final pass complete - time: 0.0 [s].
# KERNEL: Kernel process initialization done.
# Allocation: Simulator allocated 1592 kB (elbread=1023 elab2=299 kernel=269 sdf=0)
#  11:20, 22 февраля 2017 г.
#  Simulation has been initialized
#  Selected Top-Level: test (test)
# Signal nexst not found in design
# Signal st not found in design
# Signal x not found in design
# Signal z not found in design
run 300 ns
# KERNEL: stopped at time: 300 ns
endsim
#  Simulation has been stopped
alog -sve  -work mydesign $DSN/src/function1.v $DSN/src/test.bde $DSN/src/func12.v
# Compile...
# Pass 1. Scanning modules hierarchy.
# Module \$root found in current working library.
# Pass 2. Processing instantiations.
# Pass 3. Processing behavioral statements.
# ELB/DAG code generating.
# Module \$root found in current working library.
# Unit top modules: function1 test.
# $root top modules: test \\function_1_and_2 \\function1and2 function1.
# Compile success 0 Errors 0 Warnings  Analysis time: 0[s].
# done
asim -advdataflow  test
# ELBREAD: Elaboration process.
# ELBREAD: Elaboration time 0.0 [s].
# asim: Stack memory: 32MB
# asim: Retval memory: 32MB
# KERNEL: Main thread initiated.
# KERNEL: Kernel process initialization phase.
# KERNEL: Time resolution set to 1ps.
# ELAB2: Elaboration final pass...
# ELAB2: Create instances ...
# ELAB2: Create instances complete.
# ELAB2: Elaboration final pass complete - time: 0.0 [s].
# KERNEL: Kernel process initialization done.
# Allocation: Simulator allocated 1592 kB (elbread=1023 elab2=299 kernel=269 sdf=0)
#  11:21, 22 февраля 2017 г.
#  Simulation has been initialized
#  Selected Top-Level: test (test)
# Signal nexst not found in design
# Signal st not found in design
# Signal x not found in design
# Signal z not found in design
run 300 ns
# KERNEL: stopped at time: 300 ns
alog -sve  -work mydesign $DSN/src/function1.v $DSN/src/test.bde $DSN/src/func12.v
# Compile...
# Pass 1. Scanning modules hierarchy.
# Module \$root found in current working library.
# Pass 2. Processing instantiations.
# Pass 3. Processing behavioral statements.
# ELB/DAG code generating.
# Module \$root found in current working library.
# Unit top modules: function1 test.
# $root top modules: test \\function_1_and_2 \\function1and2 function1.
# Compile success 0 Errors 0 Warnings  Analysis time: 0[s].
# done
run 300 ns
# KERNEL: stopped at time: 600 ns
run 200 ns
# KERNEL: stopped at time: 800 ns
alog -sve  -work mydesign $DSN/src/function1.v $DSN/src/test.bde $DSN/src/func12.v
# Compile...
# Pass 1. Scanning modules hierarchy.
# Module \$root found in current working library.
# Pass 2. Processing instantiations.
# Pass 3. Processing behavioral statements.
# ELB/DAG code generating.
# Module \$root found in current working library.
# Unit top modules: function1 test.
# $root top modules: test \\function_1_and_2 \\function1and2 function1.
# Compile success 0 Errors 0 Warnings  Analysis time: 0[s].
# done
run 200 ns
# KERNEL: stopped at time: 1 us
alog -sve  -work mydesign $DSN/src/function1.v $DSN/src/test.bde $DSN/src/func12.v
# Compile...
# Pass 1. Scanning modules hierarchy.
# Module \$root found in current working library.
# Pass 2. Processing instantiations.
# Pass 3. Processing behavioral statements.
# ELB/DAG code generating.
# Module \$root found in current working library.
# Unit top modules: function1 test.
# $root top modules: test \\function_1_and_2 \\function1and2 function1.
# Compile success 0 Errors 0 Warnings  Analysis time: 0[s].
# done
alog -sve  -work mydesign $DSN/src/function1.v $DSN/src/test.bde $DSN/src/func12.v
# Compile...
# Pass 1. Scanning modules hierarchy.
# Module \$root found in current working library.
# Pass 2. Processing instantiations.
# Pass 3. Processing behavioral statements.
# ELB/DAG code generating.
# Module \$root found in current working library.
# Unit top modules: function1 test.
# $root top modules: test \\function_1_and_2 \\function1and2 function1.
# Compile success 0 Errors 0 Warnings  Analysis time: 0[s].
# done
run 300 ns
# KERNEL: stopped at time: 1300 ns
restart
# ELBREAD: Elaboration process.
# ELBREAD: Elaboration time 0.0 [s].
# KERNEL: Main thread initiated.
# KERNEL: Kernel process initialization phase.
# KERNEL: Time resolution set to 1ps.
# ELAB2: Elaboration final pass...
# ELAB2: Create instances ...
# ELAB2: Create instances complete.
# ELAB2: Elaboration final pass complete - time: 0.0 [s].
# KERNEL: Kernel process initialization done.
# Allocation: Simulator allocated 1592 kB (elbread=1023 elab2=299 kernel=269 sdf=0)
#  11:30, 22 февраля 2017 г.
#  Simulation has been initialized
#  Selected Top-Level: test (test)
# Signal nexst not found in design
# Signal st not found in design
# Signal x not found in design
# Signal z not found in design
run 300 ns
# KERNEL: stopped at time: 300 ns
run 300 ns
# KERNEL: stopped at time: 600 ns
run 300 ns
# KERNEL: stopped at time: 900 ns
run 300 ns
# KERNEL: stopped at time: 1200 ns
alog -sve  -work mydesign $DSN/src/function1.v $DSN/src/test.bde $DSN/src/func12.v
# Compile...
# Pass 1. Scanning modules hierarchy.
# Module \$root found in current working library.
# Pass 2. Processing instantiations.
# Pass 3. Processing behavioral statements.
# ELB/DAG code generating.
# Module \$root found in current working library.
# Unit top modules: function1 test.
# $root top modules: test \\function_1_and_2 \\function1and2 function1.
# Compile success 0 Errors 0 Warnings  Analysis time: 0[s].
# done
alog -sve  -work mydesign $DSN/src/function1.v $DSN/src/test.bde $DSN/src/func12.v
# Compile...
# Pass 1. Scanning modules hierarchy.
# Module \$root found in current working library.
# Pass 2. Processing instantiations.
# Pass 3. Processing behavioral statements.
# ELB/DAG code generating.
# Module \$root found in current working library.
# Unit top modules: function1 test.
# $root top modules: test \\function_1_and_2 \\function1and2 function1.
# Compile success 0 Errors 0 Warnings  Analysis time: 0[s].
# done
restart
# ELBREAD: Elaboration process.
# ELBREAD: Elaboration time 0.0 [s].
# KERNEL: Main thread initiated.
# KERNEL: Kernel process initialization phase.
# KERNEL: Time resolution set to 1ps.
# ELAB2: Elaboration final pass...
# ELAB2: Create instances ...
# ELAB2: Create instances complete.
# ELAB2: Elaboration final pass complete - time: 0.0 [s].
# KERNEL: Kernel process initialization done.
# Allocation: Simulator allocated 1592 kB (elbread=1023 elab2=299 kernel=269 sdf=0)
#  11:33, 22 февраля 2017 г.
#  Simulation has been initialized
#  Selected Top-Level: test (test)
# Signal nexst not found in design
# Signal st not found in design
# Signal x not found in design
# Signal z not found in design
run 300 ns
# KERNEL: stopped at time: 300 ns
#  Simulation has been stopped
